Determining if the pthread_create exist failed with the following output:
Change Dir: /home/rkk/v4l2loopback/opencv_video/build/CMakeFiles/CMakeTmp

Run Build Command:"/usr/bin/make" "cmTC_1103f/fast"
/usr/bin/make -f CMakeFiles/cmTC_1103f.dir/build.make CMakeFiles/cmTC_1103f.dir/build
make[1]: Entering directory '/home/rkk/v4l2loopback/opencv_video/build/CMakeFiles/CMakeTmp'
Building C object CMakeFiles/cmTC_1103f.dir/CheckSymbolExists.c.o
/usr/bin/cc   -fPIC    -o CMakeFiles/cmTC_1103f.dir/CheckSymbolExists.c.o   -c /home/rkk/v4l2loopback/opencv_video/build/CMakeFiles/CMakeTmp/CheckSymbolExists.c
Linking C executable cmTC_1103f
/usr/bin/cmake -E cmake_link_script CMakeFiles/cmTC_1103f.dir/link.txt --verbose=1
/usr/bin/cc -fPIC     CMakeFiles/cmTC_1103f.dir/CheckSymbolExists.c.o  -o cmTC_1103f 
CMakeFiles/cmTC_1103f.dir/CheckSymbolExists.c.o: In function `main':
CheckSymbolExists.c:(.text+0x14): undefined reference to `pthread_create'
CheckSymbolExists.c:(.text+0x18): undefined reference to `pthread_create'
collect2: error: ld returned 1 exit status
CMakeFiles/cmTC_1103f.dir/build.make:97: recipe for target 'cmTC_1103f' failed
make[1]: *** [cmTC_1103f] Error 1
make[1]: Leaving directory '/home/rkk/v4l2loopback/opencv_video/build/CMakeFiles/CMakeTmp'
Makefile:126: recipe for target 'cmTC_1103f/fast' failed
make: *** [cmTC_1103f/fast] Error 2

File /home/rkk/v4l2loopback/opencv_video/build/CMakeFiles/CMakeTmp/CheckSymbolExists.c:
/* */
#include <pthread.h>

int main(int argc, char** argv)
{
  (void)argv;
#ifndef pthread_create
  return ((int*)(&pthread_create))[argc];
#else
  (void)argc;
  return 0;
#endif
}

Determining if the function pthread_create exists in the pthreads failed with the following output:
Change Dir: /home/rkk/v4l2loopback/opencv_video/build/CMakeFiles/CMakeTmp

Run Build Command:"/usr/bin/make" "cmTC_29202/fast"
/usr/bin/make -f CMakeFiles/cmTC_29202.dir/build.make CMakeFiles/cmTC_29202.dir/build
make[1]: Entering directory '/home/rkk/v4l2loopback/opencv_video/build/CMakeFiles/CMakeTmp'
Building C object CMakeFiles/cmTC_29202.dir/CheckFunctionExists.c.o
/usr/bin/cc   -fPIC -DCHECK_FUNCTION_EXISTS=pthread_create   -o CMakeFiles/cmTC_29202.dir/CheckFunctionExists.c.o   -c /usr/share/cmake-3.10/Modules/CheckFunctionExists.c
Linking C executable cmTC_29202
/usr/bin/cmake -E cmake_link_script CMakeFiles/cmTC_29202.dir/link.txt --verbose=1
/usr/bin/cc -fPIC -DCHECK_FUNCTION_EXISTS=pthread_create    CMakeFiles/cmTC_29202.dir/CheckFunctionExists.c.o  -o cmTC_29202 -lpthreads 
/usr/bin/ld: cannot find -lpthreads
collect2: error: ld returned 1 exit status
CMakeFiles/cmTC_29202.dir/build.make:97: recipe for target 'cmTC_29202' failed
make[1]: *** [cmTC_29202] Error 1
make[1]: Leaving directory '/home/rkk/v4l2loopback/opencv_video/build/CMakeFiles/CMakeTmp'
Makefile:126: recipe for target 'cmTC_29202/fast' failed
make: *** [cmTC_29202/fast] Error 2


